<?xml version="1.0" encoding="UTF-8"?>
<testsuite name="MoodAnalyzerTest" tests="1" skipped="0" failures="0" errors="0" timestamp="2019-11-26T06:20:43" hostname="admin1-H110M-H" time="0.003">
  <properties/>
  <testcase name="moodAnalyzer_MoodException" classname="MoodAnalyzerTest" time="0.003"/>
  <system-out><![CDATA[]]></system-out>
  <system-err><![CDATA[]]></system-err>
</testsuite>
