<?xml version="1.0" encoding="UTF-8"?>
<testsuite name="MoodAnalyzerTest" tests="1" skipped="0" failures="0" errors="0" timestamp="2019-11-27T13:44:57" hostname="admin1-H110M-H" time="0.001">
  <properties/>
  <testcase name="givenHappyMessage_WithDefaultConstructor_ShouldReturnHappy" classname="MoodAnalyzerTest" time="0.001"/>
  <system-out><![CDATA[]]></system-out>
  <system-err><![CDATA[]]></system-err>
</testsuite>
