<?xml version="1.0" encoding="UTF-8"?>
<testsuite name="MoodAnalyzerTest" tests="1" skipped="0" failures="0" errors="0" timestamp="2019-11-27T13:37:06" hostname="admin1-H110M-H" time="0.002">
  <properties/>
  <testcase name="givenHappyMessageWithReflectionShouldReturnHappy" classname="MoodAnalyzerTest" time="0.002"/>
  <system-out><![CDATA[]]></system-out>
  <system-err><![CDATA[]]></system-err>
</testsuite>
